11:25:47.794 [main] DEBUG com.intuit.karate.Suite - [config] classpath:karate-config.js
11:25:47.809 [main] DEBUG com.intuit.karate.Suite - waiting for 2 features to complete
11:25:51.710 [pool-1-thread-3] INFO  com.intuit.karate - karate.env system property was: null 
11:25:51.708 [pool-1-thread-5] INFO  com.intuit.karate - karate.env system property was: null 
11:25:51.711 [pool-1-thread-1] INFO  com.intuit.karate - karate.env system property was: null 
11:25:51.711 [pool-1-thread-2] INFO  com.intuit.karate - karate.env system property was: null 
11:25:51.710 [pool-1-thread-4] INFO  com.intuit.karate - karate.env system property was: null 
11:25:51.909 [pool-1-thread-1] INFO  com.intuit.karate - [print] OnlNopGuIB 
11:25:51.901 [pool-1-thread-4] INFO  com.intuit.karate - [print] [
  {
    "name": "manoj",
    "email": "manoj@gmail.com",
    "age": "25"
  },
  {
    "name": "rahul",
    "email": "rahul@gmail.com",
    "age": "26"
  }
]
 
11:25:51.937 [pool-1-thread-1] INFO  com.intuit.karate - [print] {
  "name": "Satyen Namboothiri122",
  "gender": "female",
  "status": "inactive",
  "email": "OnlNopGuIB@gmail.com"
}
 
11:25:51.947 [pool-1-thread-4] INFO  com.intuit.karate - [print] manoj 
11:25:51.983 [pool-1-thread-4] INFO  com.intuit.karate - [print] rahul rahul@gmail.com 26 
11:25:52.007 [pool-1-thread-4] INFO  com.intuit.karate - karate.env system property was: null 
11:25:52.013 [pool-1-thread-4] INFO  com.intuit.karate - [print] 5fef9e97b7a7dd14b3d01e0b1463963866ebbb00050ea94c3294dc33eff9ae9c 
11:25:54.264 [pool-1-thread-2] DEBUG com.intuit.karate - request:
1 > GET https://gorest.co.in/public/v2/users/2924
1 > Host: gorest.co.in
1 > Connection: Keep-Alive
1 > User-Agent: Apache-HttpClient/4.5.13 (Java/11.0.15)
1 > Accept-Encoding: gzip,deflate


11:25:54.265 [pool-1-thread-4] DEBUG com.intuit.karate - request:
1 > GET https://gorest.co.in//public/v2/users
1 > Authorization: Bearer 5fef9e97b7a7dd14b3d01e0b1463963866ebbb00050ea94c3294dc33eff9ae9c
1 > Host: gorest.co.in
1 > Connection: Keep-Alive
1 > User-Agent: Apache-HttpClient/4.5.13 (Java/11.0.15)
1 > Accept-Encoding: gzip,deflate


11:25:54.266 [pool-1-thread-5] DEBUG com.intuit.karate - request:
1 > GET https://gorest.co.in/public/v2/users?gender=male&status=active
1 > Host: gorest.co.in
1 > Connection: Keep-Alive
1 > User-Agent: Apache-HttpClient/4.5.13 (Java/11.0.15)
1 > Accept-Encoding: gzip,deflate


11:25:54.267 [pool-1-thread-1] DEBUG com.intuit.karate - request:
1 > POST https://gorest.co.in/public/v2/users
1 > Authorization: Bearer 5fef9e97b7a7dd14b3d01e0b1463963866ebbb00050ea94c3294dc33eff9ae9c
1 > Content-Type: application/json; charset=UTF-8
1 > Content-Length: 101
1 > Host: gorest.co.in
1 > Connection: Keep-Alive
1 > User-Agent: Apache-HttpClient/4.5.13 (Java/11.0.15)
1 > Accept-Encoding: gzip,deflate
{"name":"Satyen Namboothiri122","gender":"female","status":"inactive","email":"OnlNopGuIB@gmail.com"}

11:25:54.264 [pool-1-thread-3] DEBUG com.intuit.karate - request:
1 > GET https://gorest.co.in/public/v2/users/1
1 > Host: gorest.co.in
1 > Connection: Keep-Alive
1 > User-Agent: Apache-HttpClient/4.5.13 (Java/11.0.15)
1 > Accept-Encoding: gzip,deflate


11:25:56.140 [pool-1-thread-1] DEBUG com.intuit.karate - response time in milliseconds: 1866
1 < 201
1 < Server: nginx
1 < Date: Mon, 06 Jun 2022 05:55:56 GMT
1 < Content-Type: application/json; charset=utf-8
1 < Transfer-Encoding: chunked
1 < Connection: keep-alive
1 < X-Frame-Options: SAMEORIGIN
1 < X-XSS-Protection: 0
1 < X-Content-Type-Options: nosniff
1 < X-Download-Options: noopen
1 < X-Permitted-Cross-Domain-Policies: none
1 < Referrer-Policy: strict-origin-when-cross-origin
1 < X-RateLimit-Limit: 90
1 < X-RateLimit-Remaining: 85
1 < X-RateLimit-Reset: 1
1 < Location: https://gorest.co.in/public/v2/users/4629
1 < ETag: W/"948563446c7d8b9de5d5d6fd7e0a0e0a"
1 < Cache-Control: max-age=0, private, must-revalidate
1 < X-Request-Id: 47c8b8ad-497a-4b8c-889f-06e18ba4331f
1 < X-Runtime: 0.020560
1 < Strict-Transport-Security: max-age=63072000; includeSubDomains
1 < Vary: Origin
{"id":4629,"name":"Satyen Namboothiri122","email":"OnlNopGuIB@gmail.com","gender":"female","status":"inactive"}

11:25:56.157 [pool-1-thread-1] INFO  com.intuit.karate - [print] {
  "id": 4629,
  "name": "Satyen Namboothiri122",
  "email": "OnlNopGuIB@gmail.com",
  "gender": "female",
  "status": "inactive"
}
 
11:25:56.194 [pool-1-thread-3] DEBUG com.intuit.karate - response time in milliseconds: 1915
1 < 404
1 < Server: nginx
1 < Date: Mon, 06 Jun 2022 05:55:56 GMT
1 < Content-Type: application/json; charset=utf-8
1 < Transfer-Encoding: chunked
1 < Connection: keep-alive
1 < Vary: Accept-Encoding
1 < Vary: Origin
1 < X-Frame-Options: SAMEORIGIN
1 < X-XSS-Protection: 0
1 < X-Content-Type-Options: nosniff
1 < X-Download-Options: noopen
1 < X-Permitted-Cross-Domain-Policies: none
1 < Referrer-Policy: strict-origin-when-cross-origin
1 < Cache-Control: no-cache
1 < X-Request-Id: d4d41a20-9666-41da-b7fb-fada3c5cf5eb
1 < X-Runtime: 0.003031
1 < Strict-Transport-Security: max-age=63072000; includeSubDomains
{"message":"Resource not found"}

11:25:56.299 [pool-1-thread-1] DEBUG com.intuit.karate - request:
2 > GET https://gorest.co.in/public/v2/users/4629
2 > Authorization: Bearer 5fef9e97b7a7dd14b3d01e0b1463963866ebbb00050ea94c3294dc33eff9ae9c
2 > Host: gorest.co.in
2 > Connection: Keep-Alive
2 > User-Agent: Apache-HttpClient/4.5.13 (Java/11.0.15)
2 > Accept-Encoding: gzip,deflate


11:25:56.310 [pool-1-thread-4] DEBUG com.intuit.karate - response time in milliseconds: 2043
1 < 200
1 < Server: nginx
1 < Date: Mon, 06 Jun 2022 05:55:56 GMT
1 < Content-Type: application/json; charset=utf-8
1 < Transfer-Encoding: chunked
1 < Connection: keep-alive
1 < Vary: Accept-Encoding
1 < Vary: Origin
1 < X-Frame-Options: SAMEORIGIN
1 < X-XSS-Protection: 0
1 < X-Content-Type-Options: nosniff
1 < X-Download-Options: noopen
1 < X-Permitted-Cross-Domain-Policies: none
1 < Referrer-Policy: strict-origin-when-cross-origin
1 < X-RateLimit-Limit: 90
1 < X-RateLimit-Remaining: 89
1 < X-RateLimit-Reset: 2
1 < X-Pagination-Total: 4157
1 < X-Pagination-Pages: 208
1 < X-Pagination-Page: 1
1 < X-Pagination-Limit: 20
1 < X-Links-Previous: 
1 < X-Links-Current: https://gorest.co.in/public/v2/users?page=1
1 < X-Links-Next: https://gorest.co.in/public/v2/users?page=2
1 < ETag: W/"092db0a772a3be88f430a5b5a27c53fc"
1 < Cache-Control: max-age=0, private, must-revalidate
1 < X-Request-Id: 6683777f-8dbb-459e-89bd-76e92158951c
1 < X-Runtime: 0.019157
1 < Strict-Transport-Security: max-age=63072000; includeSubDomains
[{"id":4629,"name":"Satyen Namboothiri122","email":"OnlNopGuIB@gmail.com","gender":"female","status":"inactive"},{"id":4196,"name":"Ghanshyam Chaturvedi","email":"ghanshyam_chaturvedi@corwin.co","gender":"male","status":"active"},{"id":4195,"name":"Dhyaneshwar Mukhopadhyay","email":"mukhopadhyay_dhyaneshwar@greenfelder.org","gender":"female","status":"inactive"},{"id":4194,"name":"Pres. Ananta Chattopadhyay","email":"chattopadhyay_ananta_pres@stark.io","gender":"female","status":"inactive"},{"id":4193,"name":"Indira Kapoor","email":"kapoor_indira@zemlak.io","gender":"female","status":"inactive"},{"id":4192,"name":"Bala Deshpande","email":"bala_deshpande@metz.com","gender":"female","status":"active"},{"id":4191,"name":"Bhoopat Guha","email":"guha_bhoopat@kutch.net","gender":"female","status":"active"},{"id":4190,"name":"Agneya Khan","email":"agneya_khan@jaskolski.name","gender":"female","status":"inactive"},{"id":4189,"name":"Amritambu Johar","email":"amritambu_johar@robel-ullrich.info","gender":"female","status":"active"},{"id":4188,"name":"Abhaya Dwivedi V","email":"v_abhaya_dwivedi@kozey-lubowitz.co","gender":"male","status":"inactive"},{"id":4187,"name":"Lavanya Deshpande","email":"lavanya_deshpande@schmitt.org","gender":"female","status":"inactive"},{"id":4186,"name":"Mrs. Nanda Ahluwalia","email":"mrs_ahluwalia_nanda@sporer.biz","gender":"female","status":"inactive"},{"id":4185,"name":"Gurdev Kakkar","email":"gurdev_kakkar@russel-grady.io","gender":"male","status":"active"},{"id":4184,"name":"Chandak Bhattathiri","email":"chandak_bhattathiri@tillman-waters.net","gender":"female","status":"inactive"},{"id":4183,"name":"Devagya Pilla","email":"pilla_devagya@bernhard.io","gender":"female","status":"active"},{"id":4182,"name":"Rati Dubashi","email":"rati_dubashi@cole-daniel.name","gender":"male","status":"active"},{"id":4181,"name":"Brahmdev Devar","email":"devar_brahmdev@gulgowski.org","gender":"female","status":"active"},{"id":4180,"name":"Darshan Saini III","email":"iii_darshan_saini@mclaughlin.com","gender":"female","status":"active"},{"id":4179,"name":"Opaline Namboothiri","email":"namboothiri_opaline@rath-cole.net","gender":"female","status":"inactive"},{"id":4178,"name":"Shrishti Bhat","email":"bhat_shrishti@schaefer.biz","gender":"male","status":"inactive"}]

11:25:56.391 [pool-1-thread-5] DEBUG com.intuit.karate - response time in milliseconds: 2125
1 < 200
1 < Server: nginx
1 < Date: Mon, 06 Jun 2022 05:55:56 GMT
1 < Content-Type: application/json; charset=utf-8
1 < Transfer-Encoding: chunked
1 < Connection: keep-alive
1 < Vary: Accept-Encoding
1 < Vary: Origin
1 < X-Frame-Options: SAMEORIGIN
1 < X-XSS-Protection: 0
1 < X-Content-Type-Options: nosniff
1 < X-Download-Options: noopen
1 < X-Permitted-Cross-Domain-Policies: none
1 < Referrer-Policy: strict-origin-when-cross-origin
1 < X-Pagination-Total: 1061
1 < X-Pagination-Pages: 54
1 < X-Pagination-Page: 1
1 < X-Pagination-Limit: 20
1 < X-Links-Previous: 
1 < X-Links-Current: https://gorest.co.in/public/v2/users?page=1
1 < X-Links-Next: https://gorest.co.in/public/v2/users?page=2
1 < ETag: W/"aef4178a40c96322215c179b7e69bf16"
1 < Cache-Control: max-age=0, private, must-revalidate
1 < X-Request-Id: 39e7cbb2-7a7e-4722-bf4f-7b44df052aad
1 < X-Runtime: 0.007823
1 < Strict-Transport-Security: max-age=63072000; includeSubDomains
[{"id":4196,"name":"Ghanshyam Chaturvedi","email":"ghanshyam_chaturvedi@corwin.co","gender":"male","status":"active"},{"id":4185,"name":"Gurdev Kakkar","email":"gurdev_kakkar@russel-grady.io","gender":"male","status":"active"},{"id":4182,"name":"Rati Dubashi","email":"rati_dubashi@cole-daniel.name","gender":"male","status":"active"},{"id":4176,"name":"Kiran Sinha","email":"kiran_sinha@schmitt.info","gender":"male","status":"active"},{"id":4175,"name":"Eshita Asan","email":"eshita_asan@kutch.info","gender":"male","status":"active"},{"id":4174,"name":"Mrs. Balagopal Mahajan","email":"mrs_mahajan_balagopal@swaniawski.org","gender":"male","status":"active"},{"id":4172,"name":"Sarvin Naik JD","email":"jd_naik_sarvin@dietrich.biz","gender":"male","status":"active"},{"id":4168,"name":"Jitendra Prajapat V","email":"jitendra_prajapat_v@lowe-gorczany.info","gender":"male","status":"active"},{"id":4163,"name":"Anuja Kapoor V","email":"kapoor_v_anuja@bode.biz","gender":"male","status":"active"},{"id":4159,"name":"Himadri Mehrotra","email":"mehrotra_himadri@nader.biz","gender":"male","status":"active"},{"id":4157,"name":"Bhanumati Jha","email":"bhanumati_jha@koss.io","gender":"male","status":"active"},{"id":4143,"name":"Nirbhay Patil","email":"nirbhay_patil@gerhold.name","gender":"male","status":"active"},{"id":4139,"name":"Dwaipayana Nayar","email":"nayar_dwaipayana@schimmel.io","gender":"male","status":"active"},{"id":4135,"name":"Ranjit Menon","email":"ranjit_menon@littel.name","gender":"male","status":"active"},{"id":4134,"name":"Brahmaanand Rana I","email":"i_brahmaanand_rana@kozey.io","gender":"male","status":"active"},{"id":4132,"name":"Narinder Sharma","email":"sharma_narinder@beier.info","gender":"male","status":"active"},{"id":4128,"name":"Dhyanesh Chattopadhyay","email":"chattopadhyay_dhyanesh@ernser.net","gender":"male","status":"active"},{"id":4127,"name":"Bhagvan Patel","email":"bhagvan_patel@olson-ward.name","gender":"male","status":"active"},{"id":4126,"name":"Udit Rana","email":"udit_rana@beier-boehm.info","gender":"male","status":"active"},{"id":4117,"name":"Chakor Deshpande","email":"deshpande_chakor@rath.io","gender":"male","status":"active"}]

11:25:56.399 [pool-1-thread-5] INFO  com.intuit.karate - [print] [
  {
    "id": 4196,
    "name": "Ghanshyam Chaturvedi",
    "email": "ghanshyam_chaturvedi@corwin.co",
    "gender": "male",
    "status": "active"
  },
  {
    "id": 4185,
    "name": "Gurdev Kakkar",
    "email": "gurdev_kakkar@russel-grady.io",
    "gender": "male",
    "status": "active"
  },
  {
    "id": 4182,
    "name": "Rati Dubashi",
    "email": "rati_dubashi@cole-daniel.name",
    "gender": "male",
    "status": "active"
  },
  {
    "id": 4176,
    "name": "Kiran Sinha",
    "email": "kiran_sinha@schmitt.info",
    "gender": "male",
    "status": "active"
  },
  {
    "id": 4175,
    "name": "Eshita Asan",
    "email": "eshita_asan@kutch.info",
    "gender": "male",
    "status": "active"
  },
  {
    "id": 4174,
    "name": "Mrs. Balagopal Mahajan",
    "email": "mrs_mahajan_balagopal@swaniawski.org",
    "gender": "male",
    "status": "active"
  },
  {
    "id": 4172,
    "name": "Sarvin Naik JD",
    "email": "jd_naik_sarvin@dietrich.biz",
    "gender": "male",
    "status": "active"
  },
  {
    "id": 4168,
    "name": "Jitendra Prajapat V",
    "email": "jitendra_prajapat_v@lowe-gorczany.info",
    "gender": "male",
    "status": "active"
  },
  {
    "id": 4163,
    "name": "Anuja Kapoor V",
    "email": "kapoor_v_anuja@bode.biz",
    "gender": "male",
    "status": "active"
  },
  {
    "id": 4159,
    "name": "Himadri Mehrotra",
    "email": "mehrotra_himadri@nader.biz",
    "gender": "male",
    "status": "active"
  },
  {
    "id": 4157,
    "name": "Bhanumati Jha",
    "email": "bhanumati_jha@koss.io",
    "gender": "male",
    "status": "active"
  },
  {
    "id": 4143,
    "name": "Nirbhay Patil",
    "email": "nirbhay_patil@gerhold.name",
    "gender": "male",
    "status": "active"
  },
  {
    "id": 4139,
    "name": "Dwaipayana Nayar",
    "email": "nayar_dwaipayana@schimmel.io",
    "gender": "male",
    "status": "active"
  },
  {
    "id": 4135,
    "name": "Ranjit Menon",
    "email": "ranjit_menon@littel.name",
    "gender": "male",
    "status": "active"
  },
  {
    "id": 4134,
    "name": "Brahmaanand Rana I",
    "email": "i_brahmaanand_rana@kozey.io",
    "gender": "male",
    "status": "active"
  },
  {
    "id": 4132,
    "name": "Narinder Sharma",
    "email": "sharma_narinder@beier.info",
    "gender": "male",
    "status": "active"
  },
  {
    "id": 4128,
    "name": "Dhyanesh Chattopadhyay",
    "email": "chattopadhyay_dhyanesh@ernser.net",
    "gender": "male",
    "status": "active"
  },
  {
    "id": 4127,
    "name": "Bhagvan Patel",
    "email": "bhagvan_patel@olson-ward.name",
    "gender": "male",
    "status": "active"
  },
  {
    "id": 4126,
    "name": "Udit Rana",
    "email": "udit_rana@beier-boehm.info",
    "gender": "male",
    "status": "active"
  },
  {
    "id": 4117,
    "name": "Chakor Deshpande",
    "email": "deshpande_chakor@rath.io",
    "gender": "male",
    "status": "active"
  }
]
 
11:25:56.410 [pool-1-thread-5] INFO  com.intuit.karate - [print] 20 
11:25:56.514 [pool-1-thread-2] DEBUG com.intuit.karate - response time in milliseconds: 2250
1 < 200
1 < Server: nginx
1 < Date: Mon, 06 Jun 2022 05:55:56 GMT
1 < Content-Type: application/json; charset=utf-8
1 < Transfer-Encoding: chunked
1 < Connection: keep-alive
1 < Vary: Accept-Encoding
1 < Vary: Origin
1 < X-Frame-Options: SAMEORIGIN
1 < X-XSS-Protection: 0
1 < X-Content-Type-Options: nosniff
1 < X-Download-Options: noopen
1 < X-Permitted-Cross-Domain-Policies: none
1 < Referrer-Policy: strict-origin-when-cross-origin
1 < ETag: W/"88eda173792f9bade6d7f10a984b0ede"
1 < Cache-Control: max-age=0, private, must-revalidate
1 < X-Request-Id: 9b19e680-f346-4a65-8a01-09ce255ec207
1 < X-Runtime: 0.003241
1 < Strict-Transport-Security: max-age=63072000; includeSubDomains
{"id":2924,"name":"Tanirika Jha","email":"tanirika_jha@spencer.net","gender":"male","status":"inactive"}

11:25:56.519 [pool-1-thread-2] INFO  com.intuit.karate - [print] {
  "id": 2924,
  "name": "Tanirika Jha",
  "email": "tanirika_jha@spencer.net",
  "gender": "male",
  "status": "inactive"
}
 
11:25:56.527 [pool-1-thread-2] ERROR com.intuit.karate - classpath:com/api/automation/getrequest.feature:11
* match response ==
"""
{
  "id": 13,
  "name": "Satyen Namboothiri",
  "email": "namboothiri_satyen@cruickshank.org",
  "gender": "female",
  "status": "inactive"
}
"""
match failed: EQUALS
  $ | not equal | match failed for name: 'id' (MAP:MAP)
  {"id":2924,"name":"Tanirika Jha","email":"tanirika_jha@spencer.net","gender":"male","status":"inactive"}
  {"id":13,"name":"Satyen Namboothiri","email":"namboothiri_satyen@cruickshank.org","gender":"female","status":"inactive"}

    $.id | not equal (NUMBER:NUMBER)
    2924
    13

classpath:com/api/automation/getrequest.feature:11
11:25:56.599 [pool-1-thread-1] DEBUG com.intuit.karate - response time in milliseconds: 297
2 < 200
2 < Server: nginx
2 < Date: Mon, 06 Jun 2022 05:55:56 GMT
2 < Content-Type: application/json; charset=utf-8
2 < Transfer-Encoding: chunked
2 < Connection: keep-alive
2 < Vary: Accept-Encoding
2 < Vary: Origin
2 < X-Frame-Options: SAMEORIGIN
2 < X-XSS-Protection: 0
2 < X-Content-Type-Options: nosniff
2 < X-Download-Options: noopen
2 < X-Permitted-Cross-Domain-Policies: none
2 < Referrer-Policy: strict-origin-when-cross-origin
2 < X-RateLimit-Limit: 90
2 < X-RateLimit-Remaining: 88
2 < X-RateLimit-Reset: 2
2 < ETag: W/"948563446c7d8b9de5d5d6fd7e0a0e0a"
2 < Cache-Control: max-age=0, private, must-revalidate
2 < X-Request-Id: 4e42ec5b-f331-4bf0-9935-ca703765d5fa
2 < X-Runtime: 0.014889
2 < Strict-Transport-Security: max-age=63072000; includeSubDomains
{"id":4629,"name":"Satyen Namboothiri122","email":"OnlNopGuIB@gmail.com","gender":"female","status":"inactive"}

11:25:56.603 [pool-1-thread-1] INFO  com.intuit.karate - [print] {
  "id": 4629,
  "name": "Satyen Namboothiri122",
  "email": "OnlNopGuIB@gmail.com",
  "gender": "female",
  "status": "inactive"
}
 
11:25:56.612 [pool-1-thread-1] INFO  com.intuit.karate - [print] {
  "id": 4629,
  "name": "Satyen Namboothiri122",
  "email": "OnlNopGuIB@gmail.com",
  "gender": "female",
  "status": "inactive"
}
 
11:25:56.619 [pool-1-thread-1] DEBUG com.intuit.karate - request:
3 > PUT https://gorest.co.in/public/v2/users/4629
3 > Authorization: Bearer 5fef9e97b7a7dd14b3d01e0b1463963866ebbb00050ea94c3294dc33eff9ae9c
3 > Content-Type: application/json; charset=UTF-8
3 > Content-Length: 37
3 > Host: gorest.co.in
3 > Connection: Keep-Alive
3 > User-Agent: Apache-HttpClient/4.5.13 (Java/11.0.15)
3 > Accept-Encoding: gzip,deflate
{"gender":"female","status":"active"}

11:25:56.835 [pool-1-thread-1] DEBUG com.intuit.karate - response time in milliseconds: 215
3 < 200
3 < Server: nginx
3 < Date: Mon, 06 Jun 2022 05:55:56 GMT
3 < Content-Type: application/json; charset=utf-8
3 < Transfer-Encoding: chunked
3 < Connection: keep-alive
3 < Vary: Accept-Encoding
3 < Vary: Origin
3 < X-Frame-Options: SAMEORIGIN
3 < X-XSS-Protection: 0
3 < X-Content-Type-Options: nosniff
3 < X-Download-Options: noopen
3 < X-Permitted-Cross-Domain-Policies: none
3 < Referrer-Policy: strict-origin-when-cross-origin
3 < X-RateLimit-Limit: 90
3 < X-RateLimit-Remaining: 87
3 < X-RateLimit-Reset: 3
3 < ETag: W/"4db13a4dcb6f3b57468ff4787967bcba"
3 < Cache-Control: max-age=0, private, must-revalidate
3 < X-Request-Id: c3e4def5-cc1d-4272-8e9e-4022511bf052
3 < X-Runtime: 0.017531
3 < Strict-Transport-Security: max-age=63072000; includeSubDomains
{"gender":"female","status":"active","id":4629,"name":"Satyen Namboothiri122","email":"OnlNopGuIB@gmail.com"}

11:25:56.841 [pool-1-thread-1] INFO  com.intuit.karate - [print] {
  "gender": "female",
  "status": "active",
  "id": 4629,
  "name": "Satyen Namboothiri122",
  "email": "OnlNopGuIB@gmail.com"
}
 
11:25:56.844 [pool-1-thread-1] DEBUG c.intuit.karate.core.ScenarioEngine - over-writing existing variable 'jsondata' with new value: response
11:25:56.862 [pool-1-thread-1] DEBUG com.intuit.karate - request:
4 > DELETE https://gorest.co.in/public/v2/users/4629
4 > Authorization: Bearer 5fef9e97b7a7dd14b3d01e0b1463963866ebbb00050ea94c3294dc33eff9ae9c
4 > Host: gorest.co.in
4 > Connection: Keep-Alive
4 > User-Agent: Apache-HttpClient/4.5.13 (Java/11.0.15)
4 > Accept-Encoding: gzip,deflate


11:25:57.088 [pool-1-thread-1] DEBUG com.intuit.karate - response time in milliseconds: 224
4 < 204
4 < Server: nginx
4 < Date: Mon, 06 Jun 2022 05:55:57 GMT
4 < Connection: keep-alive
4 < X-Frame-Options: SAMEORIGIN
4 < X-XSS-Protection: 0
4 < X-Content-Type-Options: nosniff
4 < X-Download-Options: noopen
4 < X-Permitted-Cross-Domain-Policies: none
4 < Referrer-Policy: strict-origin-when-cross-origin
4 < X-RateLimit-Limit: 90
4 < X-RateLimit-Remaining: 86
4 < X-RateLimit-Reset: 4
4 < Cache-Control: no-cache
4 < X-Request-Id: 9abdd911-210b-4992-9662-bd67be38bf99
4 < X-Runtime: 0.018619
4 < Strict-Transport-Security: max-age=63072000; includeSubDomains
4 < Vary: Origin


11:25:59.853 [pool-2-thread-1] INFO  com.intuit.karate.Suite - <<pass>> feature 1 of 2 (1 remaining) classpath:com/api/automation/Crudoperation.feature
11:26:00.152 [pool-2-thread-1] INFO  com.intuit.karate.Suite - <<fail>> feature 2 of 2 (0 remaining) classpath:com/api/automation/getrequest.feature
